<<<<<<< HEAD
<?xml version="1.0" encoding="UTF-8"?>
<!-- Generated by org.testng.reporters.JUnitReportReporter -->
<testsuite ignored="0" hostname="CA020705Z2" failures="0" tests="1" name="seleniumLearn.Bai1_Tong2So" time="28.179" errors="0" timestamp="20 May 2020 05:56:20 GMT" skipped="0">
  <testcase classname="seleniumLearn.Bai1_Tong2So" name="testKeyboard" time="28.179"/>
</testsuite> <!-- seleniumLearn.Bai1_Tong2So -->
=======
<?xml version="1.0" encoding="UTF-8"?>
<!-- Generated by org.testng.reporters.JUnitReportReporter -->
<testsuite ignored="0" hostname="CA020705Z2" failures="0" tests="1" name="seleniumLearn.Bai1_Tong2So" time="28.179" errors="0" timestamp="20 May 2020 05:56:20 GMT" skipped="0">
  <testcase classname="seleniumLearn.Bai1_Tong2So" name="testKeyboard" time="28.179"/>
</testsuite> <!-- seleniumLearn.Bai1_Tong2So -->
>>>>>>> 073385d978e37e17b5b6f1e1e2ab69131122a1a3
