<?xml version="1.0" encoding="UTF-8"?>
<!-- Generated by org.testng.reporters.JUnitReportReporter -->
<testsuite ignored="0" hostname="CA020705Z2" failures="0" tests="1" name="seleniumLearn.Bai8_NewYork" time="22.468" errors="0" timestamp="25 May 2020 05:55:11 GMT" skipped="0">
  <testcase classname="seleniumLearn.Bai8_NewYork" name="testFindNewYork" time="22.468"/>
</testsuite> <!-- seleniumLearn.Bai8_NewYork -->
