<?xml version="1.0" encoding="UTF-8"?>
<!-- Generated by org.testng.reporters.JUnitReportReporter -->
<testsuite ignored="7" hostname="CA020705Z2" failures="0" tests="1" name="test.LoginTest" time="17.133" errors="0" timestamp="30 Jun 2020 04:28:23 GMT" skipped="0">
  <testcase classname="test.LoginTest" name="OptionShowingForSearchInvalid" time="17.133"/>
  <testcase classname="test.LoginTest" name="testInValidEmail">
    <skipped/>
  </testcase> <!-- testInValidEmail -->
  <testcase classname="test.LoginTest" name="testNewsLetter">
    <skipped/>
  </testcase> <!-- testNewsLetter -->
  <testcase classname="test.LoginTest" name="OptionShowingForSearch">
    <skipped/>
  </testcase> <!-- OptionShowingForSearch -->
  <testcase classname="test.LoginTest" name="testContactUs">
    <skipped/>
  </testcase> <!-- testContactUs -->
  <testcase classname="test.LoginTest" name="testSearchEnter">
    <skipped/>
  </testcase> <!-- testSearchEnter -->
  <testcase classname="test.LoginTest" name="testLogin">
    <skipped/>
  </testcase> <!-- testLogin -->
  <testcase classname="test.LoginTest" name="testValidEmail">
    <skipped/>
  </testcase> <!-- testValidEmail -->
</testsuite> <!-- test.LoginTest -->
