<?xml version="1.0" encoding="UTF-8"?>
<!-- Generated by org.testng.reporters.JUnitReportReporter -->
<testsuite ignored="0" hostname="DESKTOP-EFDA5O8" failures="0" tests="1" name="seleniumLearn.Bai2_Tong2So_CSV" time="24.976" errors="0" timestamp="03 May 2020 08:55:18 GMT" skipped="0">
  <testcase classname="seleniumLearn.Bai2_Tong2So_CSV" name="ReadCSVFile" time="24.976"/>
</testsuite> <!-- seleniumLearn.Bai2_Tong2So_CSV -->
