<?xml version="1.0" encoding="UTF-8"?>
<!-- Generated by org.testng.reporters.JUnitReportReporter -->
<testsuite hostname="DESKTOP-EFDA5O8" failures="0" tests="1" name="seleniumLearn.Bai1_Tong2So" time="12.234" errors="0" timestamp="2020-04-30T15:45:10 ICT" skipped="0">
  <testcase classname="seleniumLearn.Bai1_Tong2So" name="testKeyboard" time="12.234"/>
  <system-out/>
</testsuite> <!-- seleniumLearn.Bai1_Tong2So -->
