<?xml version="1.0" encoding="UTF-8"?>
<!-- Generated by org.testng.reporters.JUnitReportReporter -->
<testsuite ignored="0" hostname="DESKTOP-EFDA5O8" failures="0" tests="1" name="seleniumLearn.Bai3_MaleAndGroupAge2_CSV" time="57.049" errors="0" timestamp="03 May 2020 08:31:49 GMT" skipped="0">
  <testcase classname="seleniumLearn.Bai3_MaleAndGroupAge2_CSV" name="testRadioButton" time="57.049"/>
</testsuite> <!-- seleniumLearn.Bai3_MaleAndGroupAge2_CSV -->
