<?xml version="1.0" encoding="UTF-8"?>
<!-- Generated by org.testng.reporters.JUnitReportReporter -->
<testsuite ignored="0" hostname="DESKTOP-H6EOCLE" failures="0" tests="1" name="seleniumLearn.Bai6_TableLondon" time="10.932" errors="0" timestamp="21 May 2020 15:13:31 GMT" skipped="0">
  <testcase classname="seleniumLearn.Bai6_TableLondon" name="testFindLondon" time="10.932"/>
</testsuite> <!-- seleniumLearn.Bai6_TableLondon -->
