<?xml version="1.0" encoding="UTF-8"?>
<!-- Generated by org.testng.reporters.JUnitReportReporter -->
<testsuite ignored="0" hostname="CA020705Z2" failures="0" tests="1" name="test.ParallelTest" time="29.891" errors="0" timestamp="13 May 2020 05:46:25 GMT" skipped="0">
  <testcase classname="test.ParallelTest" name="testLogin" time="29.891"/>
</testsuite> <!-- test.ParallelTest -->
