<?xml version="1.0" encoding="UTF-8"?>
<!-- Generated by org.testng.reporters.JUnitReportReporter -->
<testsuite hostname="DESKTOP-EFDA5O8" failures="0" tests="1" name="seleniumLearn.TestFirst" time="8.108" errors="0" timestamp="2020-04-30T15:44:32 ICT" skipped="0">
  <testcase classname="seleniumLearn.TestFirst" name="openSite" time="8.108"/>
  <system-out/>
</testsuite> <!-- seleniumLearn.TestFirst -->
