<?xml version="1.0" encoding="UTF-8"?>
<!-- Generated by org.testng.reporters.JUnitReportReporter -->
<testsuite ignored="0" hostname="DESKTOP-H6EOCLE" failures="0" tests="1" name="seleniumLearn.Bai11_Smith" time="10.220" errors="0" timestamp="25 May 2020 14:23:32 GMT" skipped="0">
  <testcase classname="seleniumLearn.Bai11_Smith" name="FindSmith" time="10.220"/>
</testsuite> <!-- seleniumLearn.Bai11_Smith -->
