<?xml version="1.0" encoding="UTF-8"?>
<!-- Generated by org.testng.reporters.JUnitReportReporter -->
<testsuite ignored="0" hostname="CA020705Z2" failures="0" tests="1" name="seleniumLearn.Bai5_DragDrop" time="24.959" errors="0" timestamp="13 May 2020 01:51:26 GMT" skipped="0">
  <testcase classname="seleniumLearn.Bai5_DragDrop" name="testKeyboard" time="24.959"/>
</testsuite> <!-- seleniumLearn.Bai5_DragDrop -->
