<?xml version="1.0" encoding="UTF-8"?>
<!-- Generated by org.testng.reporters.JUnitReportReporter -->
<<<<<<< HEAD
<<<<<<< HEAD
<testsuite ignored="5" hostname="CA020705Z2" failures="0" tests="1" name="test.LoginTest" time="59.919" errors="0" timestamp="26 Jun 2020 08:34:49 GMT" skipped="0">
  <testcase classname="test.LoginTest" name="testContactUs" time="59.919"/>
  <testcase classname="test.LoginTest" name="testNewsLetter">
    <skipped/>
  </testcase> <!-- testNewsLetter -->
  <testcase classname="test.LoginTest" name="testInValidEmail">
    <skipped/>
  </testcase> <!-- testInValidEmail -->
  <testcase classname="test.LoginTest" name="testSearchEnter">
=======
<<<<<<< HEAD
<testsuite ignored="5" hostname="DESKTOP-H6EOCLE" failures="0" tests="1" name="test.LoginTest" time="36.678" errors="0" timestamp="25 Jun 2020 15:34:58 GMT" skipped="0">
  <testcase classname="test.LoginTest" name="testSearchEnter" time="36.678"/>
  <testcase classname="test.LoginTest" name="testNewsLetter">
    <skipped/>
  </testcase> <!-- testNewsLetter -->
  <testcase classname="test.LoginTest" name="testInValidEmail">
    <skipped/>
  </testcase> <!-- testInValidEmail -->
=======
<testsuite ignored="5" hostname="CA020705Z2" failures="0" tests="1" name="test.LoginTest" time="13.859" errors="0" timestamp="25 Jun 2020 11:19:40 GMT" skipped="0">
  <testcase classname="test.LoginTest" name="testSearchEnter" time="13.859"/>
=======
<testsuite ignored="6" hostname="DESKTOP-H6EOCLE" failures="0" tests="1" name="test.LoginTest" time="21.844" errors="1" timestamp="29 Jun 2020 15:51:00 GMT" skipped="0">
  <testcase classname="test.LoginTest" name="OptionShowingForSearch" time="21.844">
    <error message="stale element reference: element is not attached to the page document
  (Session info: chrome=83.0.4103.116)
For documentation on this error, please visit: https://www.seleniumhq.org/exceptions/stale_element_reference.html
Build info: version: &#039;3.141.59&#039;, revision: &#039;e82be7d358&#039;, time: &#039;2018-11-14T08:17:03&#039;
System info: host: &#039;DESKTOP-H6EOCLE&#039;, ip: &#039;192.168.1.104&#039;, os.name: &#039;Windows 10&#039;, os.arch: &#039;amd64&#039;, os.version: &#039;10.0&#039;, java.version: &#039;14&#039;
Driver info: org.openqa.selenium.chrome.ChromeDriver
Capabilities {acceptInsecureCerts: false, browserName: chrome, browserVersion: 83.0.4103.116, chrome: {chromedriverVersion: 83.0.4103.14 (be04594a2b841..., userDataDir: C:\Users\Vinh\AppData\Local...}, goog:chromeOptions: {debuggerAddress: localhost:59311}, javascriptEnabled: true, networkConnectionEnabled: false, pageLoadStrategy: normal, platform: WINDOWS, platformName: WINDOWS, proxy: Proxy(), setWindowRect: true, strictFileInteractability: false, timeouts: {implicit: 0, pageLoad: 300000, script: 30000}, unhandledPromptBehavior: dismiss and notify, webauthn:virtualAuthenticators: true}
Session ID: 8e26e421bea5b6b384af673fce7d4ad1" type="org.openqa.selenium.StaleElementReferenceException">
      <![CDATA[org.openqa.selenium.StaleElementReferenceException: stale element reference: element is not attached to the page document
  (Session info: chrome=83.0.4103.116)
For documentation on this error, please visit: https://www.seleniumhq.org/exceptions/stale_element_reference.html
Build info: version: '3.141.59', revision: 'e82be7d358', time: '2018-11-14T08:17:03'
System info: host: 'DESKTOP-H6EOCLE', ip: '192.168.1.104', os.name: 'Windows 10', os.arch: 'amd64', os.version: '10.0', java.version: '14'
Driver info: org.openqa.selenium.chrome.ChromeDriver
Capabilities {acceptInsecureCerts: false, browserName: chrome, browserVersion: 83.0.4103.116, chrome: {chromedriverVersion: 83.0.4103.14 (be04594a2b841..., userDataDir: C:\Users\Vinh\AppData\Local...}, goog:chromeOptions: {debuggerAddress: localhost:59311}, javascriptEnabled: true, networkConnectionEnabled: false, pageLoadStrategy: normal, platform: WINDOWS, platformName: WINDOWS, proxy: Proxy(), setWindowRect: true, strictFileInteractability: false, timeouts: {implicit: 0, pageLoad: 300000, script: 30000}, unhandledPromptBehavior: dismiss and notify, webauthn:virtualAuthenticators: true}
Session ID: 8e26e421bea5b6b384af673fce7d4ad1
	at java.base/jdk.internal.reflect.NativeConstructorAccessorImpl.newInstance0(Native Method)
	at java.base/jdk.internal.reflect.NativeConstructorAccessorImpl.newInstance(NativeConstructorAccessorImpl.java:62)
	at java.base/jdk.internal.reflect.DelegatingConstructorAccessorImpl.newInstance(DelegatingConstructorAccessorImpl.java:45)
	at java.base/java.lang.reflect.Constructor.newInstanceWithCaller(Constructor.java:500)
	at java.base/java.lang.reflect.Constructor.newInstance(Constructor.java:481)
	at org.openqa.selenium.remote.http.W3CHttpResponseCodec.createException(W3CHttpResponseCodec.java:187)
	at org.openqa.selenium.remote.http.W3CHttpResponseCodec.decode(W3CHttpResponseCodec.java:122)
	at org.openqa.selenium.remote.http.W3CHttpResponseCodec.decode(W3CHttpResponseCodec.java:49)
	at org.openqa.selenium.remote.HttpCommandExecutor.execute(HttpCommandExecutor.java:158)
	at org.openqa.selenium.remote.service.DriverCommandExecutor.execute(DriverCommandExecutor.java:83)
	at org.openqa.selenium.remote.RemoteWebDriver.execute(RemoteWebDriver.java:552)
	at org.openqa.selenium.remote.RemoteWebElement.execute(RemoteWebElement.java:285)
	at org.openqa.selenium.remote.RemoteWebElement.getText(RemoteWebElement.java:166)
	at page.Hompage.CheckSuggestSearch(Hompage.java:118)
	at test.LoginTest.OptionShowingForSearch(LoginTest.java:92)
	at java.base/jdk.internal.reflect.NativeMethodAccessorImpl.invoke0(Native Method)
	at java.base/jdk.internal.reflect.NativeMethodAccessorImpl.invoke(NativeMethodAccessorImpl.java:62)
	at java.base/jdk.internal.reflect.DelegatingMethodAccessorImpl.invoke(DelegatingMethodAccessorImpl.java:43)
	at java.base/java.lang.reflect.Method.invoke(Method.java:564)
	at org.testng.internal.MethodInvocationHelper.invokeMethod(MethodInvocationHelper.java:104)
	at org.testng.internal.Invoker.invokeMethod(Invoker.java:645)
	at org.testng.internal.Invoker.invokeTestMethod(Invoker.java:851)
	at org.testng.internal.Invoker.invokeTestMethods(Invoker.java:1177)
	at org.testng.internal.TestMethodWorker.invokeTestMethods(TestMethodWorker.java:129)
	at org.testng.internal.TestMethodWorker.run(TestMethodWorker.java:112)
	at org.testng.TestRunner.privateRun(TestRunner.java:756)
	at org.testng.TestRunner.run(TestRunner.java:610)
	at org.testng.SuiteRunner.runTest(SuiteRunner.java:387)
	at org.testng.SuiteRunner.runSequentially(SuiteRunner.java:382)
	at org.testng.SuiteRunner.privateRun(SuiteRunner.java:340)
	at org.testng.SuiteRunner.run(SuiteRunner.java:289)
	at org.testng.SuiteRunnerWorker.runSuite(SuiteRunnerWorker.java:52)
	at org.testng.SuiteRunnerWorker.run(SuiteRunnerWorker.java:86)
	at org.testng.TestNG.runSuitesSequentially(TestNG.java:1293)
	at org.testng.TestNG.runSuitesLocally(TestNG.java:1218)
	at org.testng.TestNG.runSuites(TestNG.java:1133)
	at org.testng.TestNG.run(TestNG.java:1104)
	at org.testng.remote.AbstractRemoteTestNG.run(AbstractRemoteTestNG.java:115)
	at org.testng.remote.RemoteTestNG.initAndRun(RemoteTestNG.java:251)
	at org.testng.remote.RemoteTestNG.main(RemoteTestNG.java:77)
]]>
    </error>
  </testcase> <!-- OptionShowingForSearch -->
>>>>>>> b0394824024234a43a476640749ced219a477e1b
  <testcase classname="test.LoginTest" name="testInValidEmail">
    <skipped/>
  </testcase> <!-- testInValidEmail -->
  <testcase classname="test.LoginTest" name="testNewsLetter">
    <skipped/>
  </testcase> <!-- testNewsLetter -->
  <testcase classname="test.LoginTest" name="testContactUs">
>>>>>>> e10b936eb17bd9a9f48a15c5cd85fc4e3464cf63
    <skipped/>
<<<<<<< HEAD
=======
  </testcase> <!-- testContactUs -->
  <testcase classname="test.LoginTest" name="testSearchEnter">
    <skipped/>
>>>>>>> b0394824024234a43a476640749ced219a477e1b
  </testcase> <!-- testSearchEnter -->
  <testcase classname="test.LoginTest" name="testLogin">
    <skipped/>
  </testcase> <!-- testLogin -->
  <testcase classname="test.LoginTest" name="testValidEmail">
    <skipped/>
  </testcase> <!-- testValidEmail -->
</testsuite> <!-- test.LoginTest -->
