<?xml version="1.0" encoding="UTF-8"?>
<!-- Generated by org.testng.reporters.JUnitReportReporter -->
<testsuite ignored="0" hostname="DESKTOP-H6EOCLE" failures="0" tests="1" name="seleniumLearn.Bai1_Tong2So" time="21.698" errors="0" timestamp="08 Jun 2020 14:53:23 GMT" skipped="0">
  <testcase classname="seleniumLearn.Bai1_Tong2So" name="testKeyboard" time="21.698"/>
</testsuite> <!-- seleniumLearn.Bai1_Tong2So -->
