<?xml version="1.0" encoding="UTF-8"?>
<!-- Generated by org.testng.reporters.JUnitReportReporter -->
<testsuite ignored="0" hostname="DESKTOP-H6EOCLE" failures="0" tests="1" name="seleniumLearn.Bai9_Date" time="21.364" errors="0" timestamp="25 May 2020 14:02:59 GMT" skipped="0">
  <testcase classname="seleniumLearn.Bai9_Date" name="datePicker" time="21.364"/>
</testsuite> <!-- seleniumLearn.Bai9_Date -->
