<?xml version="1.0" encoding="UTF-8"?>
<!-- Generated by org.testng.reporters.JUnitReportReporter -->
<testsuite ignored="1" hostname="DESKTOP-H6EOCLE" failures="0" tests="1" name="seleniumLearn.TF_Bai2_GetNewUser" time="15.286" errors="0" timestamp="25 May 2020 14:32:50 GMT" skipped="0">
  <testcase classname="seleniumLearn.TF_Bai2_GetNewUser" name="Bai3_testAlert" time="15.286"/>
  <testcase classname="seleniumLearn.TF_Bai2_GetNewUser" name="Bai2_testWait">
    <skipped/>
  </testcase> <!-- Bai2_testWait -->
</testsuite> <!-- seleniumLearn.TF_Bai2_GetNewUser -->
