<?xml version="1.0" encoding="UTF-8"?>
<!-- Generated by org.testng.reporters.JUnitReportReporter -->
<testsuite ignored="0" hostname="DESKTOP-EFDA5O8" failures="0" tests="1" name="seleniumLearn.TF_Bai1_Wait" time="9.214" errors="0" timestamp="03 May 2020 15:42:45 GMT" skipped="0">
  <testcase classname="seleniumLearn.TF_Bai1_Wait" name="testWait" time="9.214"/>
</testsuite> <!-- seleniumLearn.TF_Bai1_Wait -->
