<?xml version="1.0" encoding="UTF-8"?>
<!-- Generated by org.testng.reporters.JUnitReportReporter -->
<testsuite ignored="8" hostname="DESKTOP-H6EOCLE" failures="0" tests="1" name="test.LoginTest" time="49.648" errors="0" timestamp="04 Jul 2020 09:14:03 GMT" skipped="0">
  <testcase classname="test.LoginTest" name="BuyItem" time="49.648"/>
  <testcase classname="test.LoginTest" name="testInValidEmail">
    <skipped/>
  </testcase> <!-- testInValidEmail -->
  <testcase classname="test.LoginTest" name="testNewsLetter">
    <skipped/>
  </testcase> <!-- testNewsLetter -->
  <testcase classname="test.LoginTest" name="OptionShowingForSearch">
    <skipped/>
  </testcase> <!-- OptionShowingForSearch -->
  <testcase classname="test.LoginTest" name="testContactUs">
    <skipped/>
  </testcase> <!-- testContactUs -->
  <testcase classname="test.LoginTest" name="OptionShowingForSearchInvalid">
    <skipped/>
  </testcase> <!-- OptionShowingForSearchInvalid -->
  <testcase classname="test.LoginTest" name="testSearchEnter">
    <skipped/>
  </testcase> <!-- testSearchEnter -->
  <testcase classname="test.LoginTest" name="testLogin">
    <skipped/>
  </testcase> <!-- testLogin -->
  <testcase classname="test.LoginTest" name="testValidEmail">
    <skipped/>
  </testcase> <!-- testValidEmail -->
</testsuite> <!-- test.LoginTest -->
