<?xml version="1.0" encoding="UTF-8"?>
<!-- Generated by org.testng.reporters.JUnitReportReporter -->
<testsuite ignored="0" hostname="DESKTOP-H6EOCLE" failures="0" tests="1" name="seleniumLearn.Bai7_SignUp" time="44.017" errors="0" timestamp="24 May 2020 23:31:49 GMT" skipped="0">
  <testcase classname="seleniumLearn.Bai7_SignUp" name="SignUp" time="44.017"/>
</testsuite> <!-- seleniumLearn.Bai7_SignUp -->
