<?xml version="1.0" encoding="UTF-8"?>
<!-- Generated by org.testng.reporters.JUnitReportReporter -->
<testsuite ignored="0" hostname="CA020705Z2" failures="0" tests="3" name="test.LoginTest" time="69.922" errors="0" timestamp="13 May 2020 01:56:26 GMT" skipped="0">
  <testcase classname="test.LoginTest" name="testLogin" time="23.326"/>
  <testcase classname="test.LoginTest" name="testLogin" time="23.372"/>
  <testcase classname="test.LoginTest" name="testLogin" time="23.224"/>
</testsuite> <!-- test.LoginTest -->
