<?xml version="1.0" encoding="UTF-8"?>
<!-- Generated by org.testng.reporters.JUnitReportReporter -->
<testsuite ignored="0" hostname="DESKTOP-EFDA5O8" failures="0" tests="1" name="seleniumLearn.TestFirst" time="6.848" errors="0" timestamp="03 May 2020 04:05:40 GMT" skipped="0">
  <testcase classname="seleniumLearn.TestFirst" name="openSite" time="6.848"/>
</testsuite> <!-- seleniumLearn.TestFirst -->
